<?xml version="1.0" encoding="UTF-8"?>
<!-- Generated by org.testng.reporters.JUnitReportReporter -->
<testsuite skipped="0" hostname="Akins-MacBook-Pro.local" name="scripts.carvana_scripts.CarvanaTest" tests="2" failures="0" timestamp="2022-07-07T15:16:27 CDT" time="26.242" errors="0">
  <testcase name="validateCarFinder" time="10.345" classname="scripts.carvana_scripts.CarvanaTest"/>
  <system-out/>
  <testcase name="validateInvalidVINSearch" time="15.897" classname="scripts.carvana_scripts.CarvanaTest"/>
  <system-out/>
</testsuite> <!-- scripts.carvana_scripts.CarvanaTest -->
