<?xml version="1.0" encoding="UTF-8"?>
<!-- Generated by org.testng.reporters.JUnitReportReporter -->
<testsuite skipped="0" hostname="Akins-MacBook-Pro.local" name="scripts.carvana_scripts.CarvanaTest" tests="1" failures="0" timestamp="2022-07-01T15:47:59 CDT" time="2.130" errors="0">
  <testcase name="validateCarFinder" time="2.130" classname="scripts.carvana_scripts.CarvanaTest"/>
  <system-out/>
</testsuite> <!-- scripts.carvana_scripts.CarvanaTest -->
